[2022-02-16 11:01:33,399] INFO [Controller id=0] Processing automatic preferred replica leader election (kafka.controller.KafkaController)
[2022-02-16 11:01:33,399] TRACE [Controller id=0] Checking need to trigger auto leader balancing (kafka.controller.KafkaController)
[2022-02-16 11:01:33,400] DEBUG [Controller id=0] Topics not in preferred replica for broker 0 HashMap() (kafka.controller.KafkaController)
[2022-02-16 11:01:33,400] TRACE [Controller id=0] Leader imbalance ratio for broker 0 is 0.0 (kafka.controller.KafkaController)
[2022-02-16 11:06:33,400] INFO [Controller id=0] Processing automatic preferred replica leader election (kafka.controller.KafkaController)
[2022-02-16 11:06:33,400] TRACE [Controller id=0] Checking need to trigger auto leader balancing (kafka.controller.KafkaController)
[2022-02-16 11:06:33,400] DEBUG [Controller id=0] Topics not in preferred replica for broker 0 HashMap() (kafka.controller.KafkaController)
[2022-02-16 11:06:33,400] TRACE [Controller id=0] Leader imbalance ratio for broker 0 is 0.0 (kafka.controller.KafkaController)
[2022-02-16 11:11:33,401] INFO [Controller id=0] Processing automatic preferred replica leader election (kafka.controller.KafkaController)
[2022-02-16 11:11:33,401] TRACE [Controller id=0] Checking need to trigger auto leader balancing (kafka.controller.KafkaController)
[2022-02-16 11:11:33,401] DEBUG [Controller id=0] Topics not in preferred replica for broker 0 HashMap() (kafka.controller.KafkaController)
[2022-02-16 11:11:33,401] TRACE [Controller id=0] Leader imbalance ratio for broker 0 is 0.0 (kafka.controller.KafkaController)
[2022-02-16 11:16:33,401] INFO [Controller id=0] Processing automatic preferred replica leader election (kafka.controller.KafkaController)
[2022-02-16 11:16:33,401] TRACE [Controller id=0] Checking need to trigger auto leader balancing (kafka.controller.KafkaController)
[2022-02-16 11:16:33,402] DEBUG [Controller id=0] Topics not in preferred replica for broker 0 HashMap() (kafka.controller.KafkaController)
[2022-02-16 11:16:33,402] TRACE [Controller id=0] Leader imbalance ratio for broker 0 is 0.0 (kafka.controller.KafkaController)
[2022-02-16 11:21:33,402] INFO [Controller id=0] Processing automatic preferred replica leader election (kafka.controller.KafkaController)
[2022-02-16 11:21:33,402] TRACE [Controller id=0] Checking need to trigger auto leader balancing (kafka.controller.KafkaController)
[2022-02-16 11:21:33,402] DEBUG [Controller id=0] Topics not in preferred replica for broker 0 HashMap() (kafka.controller.KafkaController)
[2022-02-16 11:21:33,402] TRACE [Controller id=0] Leader imbalance ratio for broker 0 is 0.0 (kafka.controller.KafkaController)
[2022-02-16 11:26:33,403] INFO [Controller id=0] Processing automatic preferred replica leader election (kafka.controller.KafkaController)
[2022-02-16 11:26:33,403] TRACE [Controller id=0] Checking need to trigger auto leader balancing (kafka.controller.KafkaController)
[2022-02-16 11:26:33,403] DEBUG [Controller id=0] Topics not in preferred replica for broker 0 HashMap() (kafka.controller.KafkaController)
[2022-02-16 11:26:33,403] TRACE [Controller id=0] Leader imbalance ratio for broker 0 is 0.0 (kafka.controller.KafkaController)
[2022-02-16 11:31:33,403] INFO [Controller id=0] Processing automatic preferred replica leader election (kafka.controller.KafkaController)
[2022-02-16 11:31:33,403] TRACE [Controller id=0] Checking need to trigger auto leader balancing (kafka.controller.KafkaController)
[2022-02-16 11:31:33,404] DEBUG [Controller id=0] Topics not in preferred replica for broker 0 HashMap() (kafka.controller.KafkaController)
[2022-02-16 11:31:33,404] TRACE [Controller id=0] Leader imbalance ratio for broker 0 is 0.0 (kafka.controller.KafkaController)
[2022-02-16 11:35:25,554] INFO [Controller id=0] Shutting down broker 0 (kafka.controller.KafkaController)
[2022-02-16 11:35:25,554] DEBUG [Controller id=0] All shutting down brokers: 0 (kafka.controller.KafkaController)
[2022-02-16 11:35:25,555] DEBUG [Controller id=0] Live brokers:  (kafka.controller.KafkaController)
[2022-02-16 11:35:25,557] TRACE [Controller id=0] All leaders = __consumer_offsets-13 -> (Leader:0,ISR:0,LeaderEpoch:0,ZkVersion:0,ControllerEpoch:1),__consumer_offsets-46 -> (Leader:0,ISR:0,LeaderEpoch:0,ZkVersion:0,ControllerEpoch:1),__consumer_offsets-9 -> (Leader:0,ISR:0,LeaderEpoch:0,ZkVersion:0,ControllerEpoch:1),__consumer_offsets-42 -> (Leader:0,ISR:0,LeaderEpoch:0,ZkVersion:0,ControllerEpoch:1),test2-12 -> (Leader:0,ISR:0,LeaderEpoch:0,ZkVersion:0,ControllerEpoch:6),__consumer_offsets-21 -> (Leader:0,ISR:0,LeaderEpoch:0,ZkVersion:0,ControllerEpoch:1),test2-8 -> (Leader:0,ISR:0,LeaderEpoch:0,ZkVersion:0,ControllerEpoch:6),__consumer_offsets-17 -> (Leader:0,ISR:0,LeaderEpoch:0,ZkVersion:0,ControllerEpoch:1),test2-4 -> (Leader:0,ISR:0,LeaderEpoch:0,ZkVersion:0,ControllerEpoch:6),__consumer_offsets-30 -> (Leader:0,ISR:0,LeaderEpoch:0,ZkVersion:0,ControllerEpoch:1),__consumer_offsets-26 -> (Leader:0,ISR:0,LeaderEpoch:0,ZkVersion:0,ControllerEpoch:1),__consumer_offsets-5 -> (Leader:0,ISR:0,LeaderEpoch:0,ZkVersion:0,ControllerEpoch:1),__consumer_offsets-38 -> (Leader:0,ISR:0,LeaderEpoch:0,ZkVersion:0,ControllerEpoch:1),__consumer_offsets-1 -> (Leader:0,ISR:0,LeaderEpoch:0,ZkVersion:0,ControllerEpoch:1),__consumer_offsets-34 -> (Leader:0,ISR:0,LeaderEpoch:0,ZkVersion:0,ControllerEpoch:1),__consumer_offsets-16 -> (Leader:0,ISR:0,LeaderEpoch:0,ZkVersion:0,ControllerEpoch:1),__consumer_offsets-45 -> (Leader:0,ISR:0,LeaderEpoch:0,ZkVersion:0,ControllerEpoch:1),__consumer_offsets-12 -> (Leader:0,ISR:0,LeaderEpoch:0,ZkVersion:0,ControllerEpoch:1),__consumer_offsets-41 -> (Leader:0,ISR:0,LeaderEpoch:0,ZkVersion:0,ControllerEpoch:1),test2-13 -> (Leader:0,ISR:0,LeaderEpoch:0,ZkVersion:0,ControllerEpoch:6),__consumer_offsets-24 -> (Leader:0,ISR:0,LeaderEpoch:0,ZkVersion:0,ControllerEpoch:1),test2-9 -> (Leader:0,ISR:0,LeaderEpoch:0,ZkVersion:0,ControllerEpoch:6),__consumer_offsets-20 -> (Leader:0,ISR:0,LeaderEpoch:0,ZkVersion:0,ControllerEpoch:1),__consumer_offsets-49 -> (Leader:0,ISR:0,LeaderEpoch:0,ZkVersion:0,ControllerEpoch:1),test2-5 -> (Leader:0,ISR:0,LeaderEpoch:0,ZkVersion:0,ControllerEpoch:6),__consumer_offsets-0 -> (Leader:0,ISR:0,LeaderEpoch:0,ZkVersion:0,ControllerEpoch:1),__consumer_offsets-29 -> (Leader:0,ISR:0,LeaderEpoch:0,ZkVersion:0,ControllerEpoch:1),test2-0 -> (Leader:0,ISR:0,LeaderEpoch:0,ZkVersion:0,ControllerEpoch:6),__consumer_offsets-25 -> (Leader:0,ISR:0,LeaderEpoch:0,ZkVersion:0,ControllerEpoch:1),__consumer_offsets-8 -> (Leader:0,ISR:0,LeaderEpoch:0,ZkVersion:0,ControllerEpoch:1),__consumer_offsets-37 -> (Leader:0,ISR:0,LeaderEpoch:0,ZkVersion:0,ControllerEpoch:1),__consumer_offsets-4 -> (Leader:0,ISR:0,LeaderEpoch:0,ZkVersion:0,ControllerEpoch:1),__consumer_offsets-33 -> (Leader:0,ISR:0,LeaderEpoch:0,ZkVersion:0,ControllerEpoch:1),__consumer_offsets-15 -> (Leader:0,ISR:0,LeaderEpoch:0,ZkVersion:0,ControllerEpoch:1),__consumer_offsets-48 -> (Leader:0,ISR:0,LeaderEpoch:0,ZkVersion:0,ControllerEpoch:1),test2-14 -> (Leader:0,ISR:0,LeaderEpoch:0,ZkVersion:0,ControllerEpoch:6),__consumer_offsets-11 -> (Leader:0,ISR:0,LeaderEpoch:0,ZkVersion:0,ControllerEpoch:1),__consumer_offsets-44 -> (Leader:0,ISR:0,LeaderEpoch:0,ZkVersion:0,ControllerEpoch:1),test2-10 -> (Leader:0,ISR:0,LeaderEpoch:0,ZkVersion:0,ControllerEpoch:6),__consumer_offsets-23 -> (Leader:0,ISR:0,LeaderEpoch:0,ZkVersion:0,ControllerEpoch:1),test2-6 -> (Leader:0,ISR:0,LeaderEpoch:0,ZkVersion:0,ControllerEpoch:6),__consumer_offsets-19 -> (Leader:0,ISR:0,LeaderEpoch:0,ZkVersion:0,ControllerEpoch:1),test2-2 -> (Leader:0,ISR:0,LeaderEpoch:0,ZkVersion:0,ControllerEpoch:6),__consumer_offsets-32 -> (Leader:0,ISR:0,LeaderEpoch:0,ZkVersion:0,ControllerEpoch:1),test2-1 -> (Leader:0,ISR:0,LeaderEpoch:0,ZkVersion:0,ControllerEpoch:6),__consumer_offsets-28 -> (Leader:0,ISR:0,LeaderEpoch:0,ZkVersion:0,ControllerEpoch:1),__consumer_offsets-7 -> (Leader:0,ISR:0,LeaderEpoch:0,ZkVersion:0,ControllerEpoch:1),__consumer_offsets-40 -> (Leader:0,ISR:0,LeaderEpoch:0,ZkVersion:0,ControllerEpoch:1),__consumer_offsets-3 -> (Leader:0,ISR:0,LeaderEpoch:0,ZkVersion:0,ControllerEpoch:1),__consumer_offsets-36 -> (Leader:0,ISR:0,LeaderEpoch:0,ZkVersion:0,ControllerEpoch:1),__consumer_offsets-47 -> (Leader:0,ISR:0,LeaderEpoch:0,ZkVersion:0,ControllerEpoch:1),__consumer_offsets-14 -> (Leader:0,ISR:0,LeaderEpoch:0,ZkVersion:0,ControllerEpoch:1),__consumer_offsets-43 -> (Leader:0,ISR:0,LeaderEpoch:0,ZkVersion:0,ControllerEpoch:1),test2-11 -> (Leader:0,ISR:0,LeaderEpoch:0,ZkVersion:0,ControllerEpoch:6),__consumer_offsets-10 -> (Leader:0,ISR:0,LeaderEpoch:0,ZkVersion:0,ControllerEpoch:1),test2-7 -> (Leader:0,ISR:0,LeaderEpoch:0,ZkVersion:0,ControllerEpoch:6),__consumer_offsets-22 -> (Leader:0,ISR:0,LeaderEpoch:0,ZkVersion:0,ControllerEpoch:1),test2-3 -> (Leader:0,ISR:0,LeaderEpoch:0,ZkVersion:0,ControllerEpoch:6),__consumer_offsets-18 -> (Leader:0,ISR:0,LeaderEpoch:0,ZkVersion:0,ControllerEpoch:1),__consumer_offsets-31 -> (Leader:0,ISR:0,LeaderEpoch:0,ZkVersion:0,ControllerEpoch:1),__consumer_offsets-27 -> (Leader:0,ISR:0,LeaderEpoch:0,ZkVersion:0,ControllerEpoch:1),__consumer_offsets-39 -> (Leader:0,ISR:0,LeaderEpoch:0,ZkVersion:0,ControllerEpoch:1),__consumer_offsets-6 -> (Leader:0,ISR:0,LeaderEpoch:0,ZkVersion:0,ControllerEpoch:1),__consumer_offsets-35 -> (Leader:0,ISR:0,LeaderEpoch:0,ZkVersion:0,ControllerEpoch:1),__consumer_offsets-2 -> (Leader:0,ISR:0,LeaderEpoch:0,ZkVersion:0,ControllerEpoch:1) (kafka.controller.KafkaController)
[2022-02-16 11:35:27,015] INFO [ControllerEventThread controllerId=0] Shutting down (kafka.controller.ControllerEventManager$ControllerEventThread)
[2022-02-16 11:35:27,016] INFO [ControllerEventThread controllerId=0] Stopped (kafka.controller.ControllerEventManager$ControllerEventThread)
[2022-02-16 11:35:27,016] INFO [ControllerEventThread controllerId=0] Shutdown completed (kafka.controller.ControllerEventManager$ControllerEventThread)
[2022-02-16 11:35:27,018] DEBUG [Controller id=0] Resigning (kafka.controller.KafkaController)
[2022-02-16 11:35:27,019] DEBUG [Controller id=0] Unregister BrokerModifications handler for Set(0) (kafka.controller.KafkaController)
[2022-02-16 11:35:27,021] INFO [PartitionStateMachine controllerId=0] Stopped partition state machine (kafka.controller.ZkPartitionStateMachine)
[2022-02-16 11:35:27,022] INFO [ReplicaStateMachine controllerId=0] Stopped replica state machine (kafka.controller.ZkReplicaStateMachine)
[2022-02-16 11:35:27,024] INFO [RequestSendThread controllerId=0] Shutting down (kafka.controller.RequestSendThread)
[2022-02-16 11:35:27,024] INFO [RequestSendThread controllerId=0] Stopped (kafka.controller.RequestSendThread)
[2022-02-16 11:35:27,024] INFO [RequestSendThread controllerId=0] Shutdown completed (kafka.controller.RequestSendThread)
[2022-02-16 11:35:27,027] INFO [Controller id=0] Resigned (kafka.controller.KafkaController)
