[2022-02-16 11:35:25,543] INFO Terminating process due to signal SIGINT (org.apache.kafka.common.utils.LoggingSignalHandler)
[2022-02-16 11:35:25,547] INFO [KafkaServer id=0] shutting down (kafka.server.KafkaServer)
[2022-02-16 11:35:25,549] INFO [KafkaServer id=0] Starting controlled shutdown (kafka.server.KafkaServer)
[2022-02-16 11:35:25,559] INFO [KafkaServer id=0] Controlled shutdown request returned successfully after 5ms (kafka.server.KafkaServer)
[2022-02-16 11:35:25,562] INFO [/config/changes-event-process-thread]: Shutting down (kafka.common.ZkNodeChangeNotificationListener$ChangeEventProcessThread)
[2022-02-16 11:35:25,562] INFO [/config/changes-event-process-thread]: Shutdown completed (kafka.common.ZkNodeChangeNotificationListener$ChangeEventProcessThread)
[2022-02-16 11:35:25,562] INFO [/config/changes-event-process-thread]: Stopped (kafka.common.ZkNodeChangeNotificationListener$ChangeEventProcessThread)
[2022-02-16 11:35:25,562] INFO [SocketServer listenerType=ZK_BROKER, nodeId=0] Stopping socket server request processors (kafka.network.SocketServer)
[2022-02-16 11:35:25,565] INFO [SocketServer listenerType=ZK_BROKER, nodeId=0] Stopped socket server request processors (kafka.network.SocketServer)
[2022-02-16 11:35:25,565] INFO [data-plane Kafka Request Handler on Broker 0], shutting down (kafka.server.KafkaRequestHandlerPool)
[2022-02-16 11:35:25,567] INFO [data-plane Kafka Request Handler on Broker 0], shut down completely (kafka.server.KafkaRequestHandlerPool)
[2022-02-16 11:35:25,568] INFO [ExpirationReaper-0-AlterAcls]: Shutting down (kafka.server.DelayedOperationPurgatory$ExpiredOperationReaper)
[2022-02-16 11:35:25,580] INFO [ExpirationReaper-0-AlterAcls]: Stopped (kafka.server.DelayedOperationPurgatory$ExpiredOperationReaper)
[2022-02-16 11:35:25,580] INFO [ExpirationReaper-0-AlterAcls]: Shutdown completed (kafka.server.DelayedOperationPurgatory$ExpiredOperationReaper)
[2022-02-16 11:35:25,581] INFO [KafkaApi-0] Shutdown complete. (kafka.server.KafkaApis)
[2022-02-16 11:35:25,581] INFO [ExpirationReaper-0-topic]: Shutting down (kafka.server.DelayedOperationPurgatory$ExpiredOperationReaper)
[2022-02-16 11:35:25,690] INFO [ExpirationReaper-0-topic]: Stopped (kafka.server.DelayedOperationPurgatory$ExpiredOperationReaper)
[2022-02-16 11:35:25,690] INFO [ExpirationReaper-0-topic]: Shutdown completed (kafka.server.DelayedOperationPurgatory$ExpiredOperationReaper)
[2022-02-16 11:35:25,692] INFO [TransactionCoordinator id=0] Shutting down. (kafka.coordinator.transaction.TransactionCoordinator)
[2022-02-16 11:35:25,692] INFO [Transaction State Manager 0]: Shutdown complete (kafka.coordinator.transaction.TransactionStateManager)
[2022-02-16 11:35:25,692] INFO [Transaction Marker Channel Manager 0]: Shutting down (kafka.coordinator.transaction.TransactionMarkerChannelManager)
[2022-02-16 11:35:25,692] INFO [Transaction Marker Channel Manager 0]: Stopped (kafka.coordinator.transaction.TransactionMarkerChannelManager)
[2022-02-16 11:35:25,693] INFO [Transaction Marker Channel Manager 0]: Shutdown completed (kafka.coordinator.transaction.TransactionMarkerChannelManager)
[2022-02-16 11:35:25,693] INFO [TransactionCoordinator id=0] Shutdown complete. (kafka.coordinator.transaction.TransactionCoordinator)
[2022-02-16 11:35:25,693] INFO [GroupCoordinator 0]: Shutting down. (kafka.coordinator.group.GroupCoordinator)
[2022-02-16 11:35:25,694] INFO [ExpirationReaper-0-Heartbeat]: Shutting down (kafka.server.DelayedOperationPurgatory$ExpiredOperationReaper)
[2022-02-16 11:35:25,879] INFO [ExpirationReaper-0-Heartbeat]: Stopped (kafka.server.DelayedOperationPurgatory$ExpiredOperationReaper)
[2022-02-16 11:35:25,879] INFO [ExpirationReaper-0-Heartbeat]: Shutdown completed (kafka.server.DelayedOperationPurgatory$ExpiredOperationReaper)
[2022-02-16 11:35:25,880] INFO [ExpirationReaper-0-Rebalance]: Shutting down (kafka.server.DelayedOperationPurgatory$ExpiredOperationReaper)
[2022-02-16 11:35:26,025] INFO [ExpirationReaper-0-Rebalance]: Stopped (kafka.server.DelayedOperationPurgatory$ExpiredOperationReaper)
[2022-02-16 11:35:26,025] INFO [ExpirationReaper-0-Rebalance]: Shutdown completed (kafka.server.DelayedOperationPurgatory$ExpiredOperationReaper)
[2022-02-16 11:35:26,026] INFO [GroupCoordinator 0]: Shutdown complete. (kafka.coordinator.group.GroupCoordinator)
[2022-02-16 11:35:26,028] INFO [ReplicaManager broker=0] Shutting down (kafka.server.ReplicaManager)
[2022-02-16 11:35:26,028] INFO [LogDirFailureHandler]: Shutting down (kafka.server.ReplicaManager$LogDirFailureHandler)
[2022-02-16 11:35:26,029] INFO [LogDirFailureHandler]: Stopped (kafka.server.ReplicaManager$LogDirFailureHandler)
[2022-02-16 11:35:26,029] INFO [LogDirFailureHandler]: Shutdown completed (kafka.server.ReplicaManager$LogDirFailureHandler)
[2022-02-16 11:35:26,030] INFO [ReplicaFetcherManager on broker 0] shutting down (kafka.server.ReplicaFetcherManager)
[2022-02-16 11:35:26,031] INFO [ReplicaFetcherManager on broker 0] shutdown completed (kafka.server.ReplicaFetcherManager)
[2022-02-16 11:35:26,031] INFO [ReplicaAlterLogDirsManager on broker 0] shutting down (kafka.server.ReplicaAlterLogDirsManager)
[2022-02-16 11:35:26,031] INFO [ReplicaAlterLogDirsManager on broker 0] shutdown completed (kafka.server.ReplicaAlterLogDirsManager)
[2022-02-16 11:35:26,031] INFO [ExpirationReaper-0-Fetch]: Shutting down (kafka.server.DelayedOperationPurgatory$ExpiredOperationReaper)
[2022-02-16 11:35:26,225] INFO [ExpirationReaper-0-Fetch]: Stopped (kafka.server.DelayedOperationPurgatory$ExpiredOperationReaper)
[2022-02-16 11:35:26,225] INFO [ExpirationReaper-0-Fetch]: Shutdown completed (kafka.server.DelayedOperationPurgatory$ExpiredOperationReaper)
[2022-02-16 11:35:26,225] INFO [ExpirationReaper-0-Produce]: Shutting down (kafka.server.DelayedOperationPurgatory$ExpiredOperationReaper)
[2022-02-16 11:35:26,381] INFO [ExpirationReaper-0-Produce]: Stopped (kafka.server.DelayedOperationPurgatory$ExpiredOperationReaper)
[2022-02-16 11:35:26,381] INFO [ExpirationReaper-0-Produce]: Shutdown completed (kafka.server.DelayedOperationPurgatory$ExpiredOperationReaper)
[2022-02-16 11:35:26,381] INFO [ExpirationReaper-0-DeleteRecords]: Shutting down (kafka.server.DelayedOperationPurgatory$ExpiredOperationReaper)
[2022-02-16 11:35:26,479] INFO [ExpirationReaper-0-DeleteRecords]: Stopped (kafka.server.DelayedOperationPurgatory$ExpiredOperationReaper)
[2022-02-16 11:35:26,479] INFO [ExpirationReaper-0-DeleteRecords]: Shutdown completed (kafka.server.DelayedOperationPurgatory$ExpiredOperationReaper)
[2022-02-16 11:35:26,480] INFO [ExpirationReaper-0-ElectLeader]: Shutting down (kafka.server.DelayedOperationPurgatory$ExpiredOperationReaper)
[2022-02-16 11:35:26,588] INFO [ExpirationReaper-0-ElectLeader]: Stopped (kafka.server.DelayedOperationPurgatory$ExpiredOperationReaper)
[2022-02-16 11:35:26,589] INFO [ExpirationReaper-0-ElectLeader]: Shutdown completed (kafka.server.DelayedOperationPurgatory$ExpiredOperationReaper)
[2022-02-16 11:35:26,609] INFO [ReplicaManager broker=0] Shut down completely (kafka.server.ReplicaManager)
[2022-02-16 11:35:26,610] INFO [BrokerToControllerChannelManager broker=0 name=alterIsr]: Shutting down (kafka.server.BrokerToControllerRequestThread)
[2022-02-16 11:35:26,610] INFO [BrokerToControllerChannelManager broker=0 name=alterIsr]: Stopped (kafka.server.BrokerToControllerRequestThread)
[2022-02-16 11:35:26,610] INFO [BrokerToControllerChannelManager broker=0 name=alterIsr]: Shutdown completed (kafka.server.BrokerToControllerRequestThread)
[2022-02-16 11:35:26,614] INFO Broker to controller channel manager for alterIsr shutdown (kafka.server.BrokerToControllerChannelManagerImpl)
[2022-02-16 11:35:26,614] INFO [BrokerToControllerChannelManager broker=0 name=forwarding]: Shutting down (kafka.server.BrokerToControllerRequestThread)
[2022-02-16 11:35:26,614] INFO [BrokerToControllerChannelManager broker=0 name=forwarding]: Stopped (kafka.server.BrokerToControllerRequestThread)
[2022-02-16 11:35:26,614] INFO [BrokerToControllerChannelManager broker=0 name=forwarding]: Shutdown completed (kafka.server.BrokerToControllerRequestThread)
[2022-02-16 11:35:26,614] INFO Broker to controller channel manager for forwarding shutdown (kafka.server.BrokerToControllerChannelManagerImpl)
[2022-02-16 11:35:26,614] INFO Shutting down. (kafka.log.LogManager)
[2022-02-16 11:35:26,653] INFO [ProducerStateManager partition=test2-8] Wrote producer snapshot at offset 300 with 0 producer ids in 21 ms. (kafka.log.ProducerStateManager)
[2022-02-16 11:35:26,673] INFO [ProducerStateManager partition=__consumer_offsets-25] Wrote producer snapshot at offset 68 with 0 producer ids in 8 ms. (kafka.log.ProducerStateManager)
[2022-02-16 11:35:26,688] INFO [ProducerStateManager partition=test2-0] Wrote producer snapshot at offset 300 with 0 producer ids in 8 ms. (kafka.log.ProducerStateManager)
[2022-02-16 11:35:26,705] INFO [ProducerStateManager partition=test2-5] Wrote producer snapshot at offset 300 with 0 producer ids in 8 ms. (kafka.log.ProducerStateManager)
[2022-02-16 11:35:26,722] INFO [ProducerStateManager partition=test2-10] Wrote producer snapshot at offset 300 with 0 producer ids in 8 ms. (kafka.log.ProducerStateManager)
[2022-02-16 11:35:26,748] INFO [ProducerStateManager partition=test2-14] Wrote producer snapshot at offset 300 with 0 producer ids in 8 ms. (kafka.log.ProducerStateManager)
[2022-02-16 11:35:26,764] INFO [ProducerStateManager partition=test2-13] Wrote producer snapshot at offset 300 with 0 producer ids in 7 ms. (kafka.log.ProducerStateManager)
[2022-02-16 11:35:26,779] INFO [ProducerStateManager partition=test2-3] Wrote producer snapshot at offset 300 with 0 producer ids in 7 ms. (kafka.log.ProducerStateManager)
[2022-02-16 11:35:26,795] INFO [ProducerStateManager partition=__consumer_offsets-4] Wrote producer snapshot at offset 36414 with 0 producer ids in 8 ms. (kafka.log.ProducerStateManager)
[2022-02-16 11:35:26,805] INFO [ProducerStateManager partition=__consumer_offsets-14] Wrote producer snapshot at offset 3635 with 0 producer ids in 9 ms. (kafka.log.ProducerStateManager)
[2022-02-16 11:35:26,829] INFO [ProducerStateManager partition=test2-9] Wrote producer snapshot at offset 300 with 0 producer ids in 12 ms. (kafka.log.ProducerStateManager)
[2022-02-16 11:35:26,848] INFO [ProducerStateManager partition=test2-6] Wrote producer snapshot at offset 300 with 0 producer ids in 8 ms. (kafka.log.ProducerStateManager)
[2022-02-16 11:35:26,866] INFO [ProducerStateManager partition=test2-11] Wrote producer snapshot at offset 300 with 0 producer ids in 7 ms. (kafka.log.ProducerStateManager)
[2022-02-16 11:35:26,885] INFO [ProducerStateManager partition=test2-2] Wrote producer snapshot at offset 300 with 0 producer ids in 7 ms. (kafka.log.ProducerStateManager)
[2022-02-16 11:35:26,903] INFO [ProducerStateManager partition=__consumer_offsets-31] Wrote producer snapshot at offset 6 with 0 producer ids in 15 ms. (kafka.log.ProducerStateManager)
[2022-02-16 11:35:26,920] INFO [ProducerStateManager partition=test2-12] Wrote producer snapshot at offset 300 with 0 producer ids in 8 ms. (kafka.log.ProducerStateManager)
[2022-02-16 11:35:26,938] INFO [ProducerStateManager partition=test2-4] Wrote producer snapshot at offset 300 with 0 producer ids in 8 ms. (kafka.log.ProducerStateManager)
[2022-02-16 11:35:26,959] INFO [ProducerStateManager partition=test2-7] Wrote producer snapshot at offset 300 with 0 producer ids in 13 ms. (kafka.log.ProducerStateManager)
[2022-02-16 11:35:26,976] INFO [ProducerStateManager partition=test2-1] Wrote producer snapshot at offset 300 with 0 producer ids in 8 ms. (kafka.log.ProducerStateManager)
[2022-02-16 11:35:27,014] INFO Shutdown complete. (kafka.log.LogManager)
[2022-02-16 11:35:27,028] INFO [feature-zk-node-event-process-thread]: Shutting down (kafka.server.FinalizedFeatureChangeListener$ChangeNotificationProcessorThread)
[2022-02-16 11:35:27,028] INFO [feature-zk-node-event-process-thread]: Stopped (kafka.server.FinalizedFeatureChangeListener$ChangeNotificationProcessorThread)
[2022-02-16 11:35:27,028] INFO [feature-zk-node-event-process-thread]: Shutdown completed (kafka.server.FinalizedFeatureChangeListener$ChangeNotificationProcessorThread)
[2022-02-16 11:35:27,030] INFO [ZooKeeperClient Kafka server] Closing. (kafka.zookeeper.ZooKeeperClient)
[2022-02-16 11:35:27,140] INFO Session: 0x1016c63e2e60000 closed (org.apache.zookeeper.ZooKeeper)
[2022-02-16 11:35:27,140] INFO EventThread shut down for session: 0x1016c63e2e60000 (org.apache.zookeeper.ClientCnxn)
[2022-02-16 11:35:27,142] INFO [ZooKeeperClient Kafka server] Closed. (kafka.zookeeper.ZooKeeperClient)
[2022-02-16 11:35:27,143] INFO [ThrottledChannelReaper-Fetch]: Shutting down (kafka.server.ClientQuotaManager$ThrottledChannelReaper)
[2022-02-16 11:35:27,657] INFO [ThrottledChannelReaper-Fetch]: Stopped (kafka.server.ClientQuotaManager$ThrottledChannelReaper)
[2022-02-16 11:35:27,657] INFO [ThrottledChannelReaper-Fetch]: Shutdown completed (kafka.server.ClientQuotaManager$ThrottledChannelReaper)
[2022-02-16 11:35:27,658] INFO [ThrottledChannelReaper-Produce]: Shutting down (kafka.server.ClientQuotaManager$ThrottledChannelReaper)
[2022-02-16 11:35:28,010] INFO [ThrottledChannelReaper-Produce]: Stopped (kafka.server.ClientQuotaManager$ThrottledChannelReaper)
[2022-02-16 11:35:28,010] INFO [ThrottledChannelReaper-Produce]: Shutdown completed (kafka.server.ClientQuotaManager$ThrottledChannelReaper)
[2022-02-16 11:35:28,011] INFO [ThrottledChannelReaper-Request]: Shutting down (kafka.server.ClientQuotaManager$ThrottledChannelReaper)
[2022-02-16 11:35:28,158] INFO [ThrottledChannelReaper-Request]: Stopped (kafka.server.ClientQuotaManager$ThrottledChannelReaper)
[2022-02-16 11:35:28,158] INFO [ThrottledChannelReaper-Request]: Shutdown completed (kafka.server.ClientQuotaManager$ThrottledChannelReaper)
[2022-02-16 11:35:28,159] INFO [ThrottledChannelReaper-ControllerMutation]: Shutting down (kafka.server.ClientQuotaManager$ThrottledChannelReaper)
[2022-02-16 11:35:28,180] INFO [ThrottledChannelReaper-ControllerMutation]: Stopped (kafka.server.ClientQuotaManager$ThrottledChannelReaper)
[2022-02-16 11:35:28,180] INFO [ThrottledChannelReaper-ControllerMutation]: Shutdown completed (kafka.server.ClientQuotaManager$ThrottledChannelReaper)
[2022-02-16 11:35:28,182] INFO [SocketServer listenerType=ZK_BROKER, nodeId=0] Shutting down socket server (kafka.network.SocketServer)
[2022-02-16 11:35:28,191] INFO [SocketServer listenerType=ZK_BROKER, nodeId=0] Shutdown completed (kafka.network.SocketServer)
[2022-02-16 11:35:28,191] INFO Metrics scheduler closed (org.apache.kafka.common.metrics.Metrics)
[2022-02-16 11:35:28,191] INFO Closing reporter org.apache.kafka.common.metrics.JmxReporter (org.apache.kafka.common.metrics.Metrics)
[2022-02-16 11:35:28,191] INFO Metrics reporters closed (org.apache.kafka.common.metrics.Metrics)
[2022-02-16 11:35:28,192] INFO Broker and topic stats closed (kafka.server.BrokerTopicStats)
[2022-02-16 11:35:28,192] INFO App info kafka.server for 0 unregistered (org.apache.kafka.common.utils.AppInfoParser)
[2022-02-16 11:35:28,193] INFO [KafkaServer id=0] shut down completed (kafka.server.KafkaServer)
